<?xml version="1.0" encoding="utf-8"?><testsuites><testsuite name="pytest" errors="0" failures="0" skipped="0" tests="10" time="3.625" timestamp="2023-08-03T14:25:28.645989" hostname="fv-az339-454"><testcase classname="tests.test_client.TestClient" name="test_3xx" time="1.016" /><testcase classname="tests.test_client.TestClient" name="test_500" time="1.005" /><testcase classname="tests.test_client.TestClient" name="test_empty_response" time="1.003" /><testcase classname="tests.test_client.TestClient" name="test_init" time="0.001" /><testcase classname="tests.test_client.TestClient" name="test_no_retry" time="0.002" /><testcase classname="tests.test_client.TestClient" name="test_request_200" time="0.001" /><testcase classname="tests.test_client.TestClient" name="test_request_no_parse" time="0.001" /><testcase classname="tests.test_client.TestClient" name="test_unexpected_error" time="0.001" /><testcase classname="tests.test_errors.TestError" name="test_from_response" time="0.001" /><testcase classname="tests.test_errors.TestError" name="test_from_status" time="0.001" /></testsuite></testsuites>